     1                                  ; =======================================================================
     2                                  ;       First hello test... for linux
     3                                  ;
     4                                  ; Based on: 0-Linux-nasm-64.s
     5                                  ; cmds:
     6                                  ;   nasm -f elf64 -l 1-nasm.lst 1-hello.nasm
     7                                  ;   ld -s -o 1-nasm 1-nasm.o
     8                                  ; =======================================================================
     9                                  
    10                                  section .text
    11                                  
    12                                  global _start                  ; predefined entry point name for ld
    13                                  
    14 00000000 B801000000              _start:     mov rax, 0x01      ; write64 (rdi, rsi, rdx) ... r10, r8, r9
    15 00000005 BF01000000                          mov rdi, 1         ; stdout
    16 0000000A 48BE-                               mov rsi, Msg
    16 0000000C [0000000000000000] 
    17 00000014 BA0F000000                          mov rdx, MsgLen    ; strlen (Msg)
    18 00000019 0F05                                syscall
    19                                              
    20 0000001B B83C000000                          mov rax, 0x3C      ; exit64 (rdi)
    21 00000020 4831FF                              xor rdi, rdi
    22 00000023 0F05                                syscall
    23                                              
    24                                  section     .data
    25                                              
    26 00000000 596120726F64696C73-     Msg:        db "Ya rodils'a!!!", 0x0a
    26 00000009 27612121210A       
    27                                  MsgLen      equ $ - Msg
